=============== LOG ENTRY BEGIN ===============
Sat Nov 04 2017 12:04:29 GMT-0400 (Eastern Daylight Time)
 
TERMINAL COMMANDS:
$: C:\Program Files\nodejs\node.exe,C:\Users\tsion\Desktop\Liri-Node-App\liri.js,mytweets
 
DATA OUTPUT:
1. Tweet: good morning World!
Created at: Fri Nov 03 15:17:47 +0000 2017 
2. Tweet: This account has been opened just for the purpose of Liri homework
Created at: Fri Nov 03 14:41:42 +0000 2017 
3. Tweet: Hello Twitter! #myfirstTweet
Created at: Thu Nov 02 01:58:13 +0000 2017 
=============== LOG ENTRY END ===============
 
=============== LOG ENTRY BEGIN ===============
Sun Nov 05 2017 13:25:12 GMT-0500 (Eastern Standard Time)
 
TERMINAL COMMANDS:
$: C:\Program Files\nodejs\node.exe,C:\Users\tsion\Desktop\Liri-Node-App\liri.js,mytweets
 
DATA OUTPUT:
1. Tweet: good morning World!
Created at: Fri Nov 03 15:17:47 +0000 2017 
2. Tweet: This account has been opened just for the purpose of Liri homework
Created at: Fri Nov 03 14:41:42 +0000 2017 
3. Tweet: Hello Twitter! #myfirstTweet
Created at: Thu Nov 02 01:58:13 +0000 2017 
=============== LOG ENTRY END ===============
 
=============== LOG ENTRY BEGIN ===============
Sun Nov 05 2017 13:28:07 GMT-0500 (Eastern Standard Time)
 
TERMINAL COMMANDS:
$: C:\Program Files\nodejs\node.exe,C:\Users\tsion\Desktop\Liri-Node-App\liri.js,mytweets
 
DATA OUTPUT:
1. Tweet: good afternoon world!
Created at: Sun Nov 05 18:26:24 +0000 2017 
2. Tweet: good morning World!
Created at: Fri Nov 03 15:17:47 +0000 2017 
3. Tweet: This account has been opened just for the purpose of Liri homework
Created at: Fri Nov 03 14:41:42 +0000 2017 
4. Tweet: Hello Twitter! #myfirstTweet
Created at: Thu Nov 02 01:58:13 +0000 2017 
=============== LOG ENTRY END ===============
 
=============== LOG ENTRY BEGIN ===============
Sun Nov 05 2017 13:44:54 GMT-0500 (Eastern Standard Time)
 
TERMINAL COMMANDS:
$: C:\Program Files\nodejs\node.exe,C:\Users\tsion\Desktop\Liri-Node-App\liri.js,mytweets
 
DATA OUTPUT:
1. Tweet: looking forward  2018!!
Created at: Sun Nov 05 18:32:03 +0000 2017 
2. Tweet: happy Sunday!!
Created at: Sun Nov 05 18:29:25 +0000 2017 
3. Tweet: good afternoon world!
Created at: Sun Nov 05 18:26:24 +0000 2017 
4. Tweet: good morning World!
Created at: Fri Nov 03 15:17:47 +0000 2017 
5. Tweet: This account has been opened just for the purpose of Liri homework
Created at: Fri Nov 03 14:41:42 +0000 2017 
=============== LOG ENTRY END ===============
 
6. Tweet: Hello Twitter! #myfirstTweet
Created at: Thu Nov 02 01:58:13 +0000 2017 
=============== LOG ENTRY BEGIN ===============
Sun Nov 05 2017 20:05:57 GMT-0500 (Eastern Standard Time)
 
TERMINAL COMMANDS:
$: C:\Program Files\nodejs\node.exe,C:\Users\tsion\Desktop\Liri-Node-App\liri.js,mytweets
 
DATA OUTPUT:
2. Tweet: happy Sunday!!
Created at: Sun Nov 05 18:29:25 +0000 2017 
1. Tweet: looking forward  2018!!
Created at: Sun Nov 05 18:32:03 +0000 2017 
3. Tweet: good afternoon world!
Created at: Sun Nov 05 18:26:24 +0000 2017 
4. Tweet: good morning World!
Created at: Fri Nov 03 15:17:47 +0000 2017 
5. Tweet: This account has been opened just for the purpose of Liri homework
Created at: Fri Nov 03 14:41:42 +0000 2017 
=============== LOG ENTRY END ===============
 
6. Tweet: Hello Twitter! #myfirstTweet
Created at: Thu Nov 02 01:58:13 +0000 2017 
=============== LOG ENTRY BEGIN ===============
Mon Nov 06 2017 11:12:57 GMT-0500 (Eastern Standard Time)
 
TERMINAL COMMANDS:
$: C:\Program Files\nodejs\node.exe,C:\Users\tsion\Desktop\Liri-Node-App\liri.js,mytweets
 
DATA OUTPUT:
1. Tweet: looking forward  2018!!
Created at: Sun Nov 05 18:32:03 +0000 2017 
3. Tweet: good afternoon world!
Created at: Sun Nov 05 18:26:24 +0000 2017 
2. Tweet: happy Sunday!!
Created at: Sun Nov 05 18:29:25 +0000 2017 
4. Tweet: good morning World!
Created at: Fri Nov 03 15:17:47 +0000 2017 
6. Tweet: Hello Twitter! #myfirstTweet
Created at: Thu Nov 02 01:58:13 +0000 2017 
=============== LOG ENTRY END ===============
 
5. Tweet: This account has been opened just for the purpose of Liri homework
Created at: Fri Nov 03 14:41:42 +0000 2017 
=============== LOG ENTRY BEGIN ===============
Tue Nov 07 2017 11:35:39 GMT-0500 (Eastern Standard Time)
 
TERMINAL COMMANDS:
$: C:\Program Files\nodejs\node.exe,C:\Users\tsion\Desktop\Liri-Node-App\liri.js,mytweets
 
DATA OUTPUT:
1. Tweet: looking forward  2018!!
Created at: Sun Nov 05 18:32:03 +0000 2017 
2. Tweet: happy Sunday!!
Created at: Sun Nov 05 18:29:25 +0000 2017 
3. Tweet: good afternoon world!
Created at: Sun Nov 05 18:26:24 +0000 2017 
4. Tweet: good morning World!
Created at: Fri Nov 03 15:17:47 +0000 2017 
6. Tweet: Hello Twitter! #myfirstTweet
Created at: Thu Nov 02 01:58:13 +0000 2017 
=============== LOG ENTRY END ===============
 
5. Tweet: This account has been opened just for the purpose of Liri homework
Created at: Fri Nov 03 14:41:42 +0000 2017 
=============== LOG ENTRY BEGIN ===============
Tue Nov 07 2017 12:30:57 GMT-0500 (Eastern Standard Time)
 
TERMINAL COMMANDS:
$: C:\Program Files\nodejs\node.exe,C:\Users\tsion\Desktop\Liri-Node-App\liri.js,mytweets
 
DATA OUTPUT:
1. Tweet: looking forward  2018!!
Created at: Sun Nov 05 18:32:03 +0000 2017 
2. Tweet: happy Sunday!!
Created at: Sun Nov 05 18:29:25 +0000 2017 
3. Tweet: good afternoon world!
Created at: Sun Nov 05 18:26:24 +0000 2017 
4. Tweet: good morning World!
Created at: Fri Nov 03 15:17:47 +0000 2017 
5. Tweet: This account has been opened just for the purpose of Liri homework
Created at: Fri Nov 03 14:41:42 +0000 2017 
6. Tweet: Hello Twitter! #myfirstTweet
Created at: Thu Nov 02 01:58:13 +0000 2017 
=============== LOG ENTRY END ===============
 
=============== LOG ENTRY BEGIN ===============
Tue Nov 07 2017 13:06:21 GMT-0500 (Eastern Standard Time)
 
TERMINAL COMMANDS:
$: C:\Program Files\nodejs\node.exe,C:\Users\tsion\Desktop\Liri-Node-App\liri.js,myTweets
 
DATA OUTPUT:
1. Tweet: looking forward  2018!!
Created at: Sun Nov 05 18:32:03 +0000 2017 
2. Tweet: happy Sunday!!
Created at: Sun Nov 05 18:29:25 +0000 2017 
4. Tweet: good morning World!
Created at: Fri Nov 03 15:17:47 +0000 2017 
3. Tweet: good afternoon world!
Created at: Sun Nov 05 18:26:24 +0000 2017 
5. Tweet: This account has been opened just for the purpose of Liri homework
Created at: Fri Nov 03 14:41:42 +0000 2017 
6. Tweet: Hello Twitter! #myfirstTweet
Created at: Thu Nov 02 01:58:13 +0000 2017 
=============== LOG ENTRY END ===============
 
=============== LOG ENTRY BEGIN ===============
Tue Nov 07 2017 14:52:42 GMT-0500 (Eastern Standard Time)
 
TERMINAL COMMANDS:
$: C:\Program Files\nodejs\node.exe,C:\Users\tsion\Desktop\Liri-Node-App\liri.js,myTweets
 
DATA OUTPUT:
3. Tweet: good afternoon world!
Created at: Sun Nov 05 18:26:24 +0000 2017 
1. Tweet: looking forward  2018!!
Created at: Sun Nov 05 18:32:03 +0000 2017 
2. Tweet: happy Sunday!!
Created at: Sun Nov 05 18:29:25 +0000 2017 
4. Tweet: good morning World!
Created at: Fri Nov 03 15:17:47 +0000 2017 
5. Tweet: This account has been opened just for the purpose of Liri homework
Created at: Fri Nov 03 14:41:42 +0000 2017 
=============== LOG ENTRY END ===============
 
6. Tweet: Hello Twitter! #myfirstTweet
Created at: Thu Nov 02 01:58:13 +0000 2017 
